<?xml version="1.0" encoding="UTF-8"?>
<testsuite xmlns:xsi="http://www.w3.org/2001/XMLSchema-instance" xsi:noNamespaceSchemaLocation="https://maven.apache.org/surefire/maven-surefire-plugin/xsd/surefire-test-report-3.0.xsd" version="3.0" name="org.apache.hop.metastore.util.MetaStoreUtilTest" time="0.053" tests="8" errors="0" skipped="0" failures="0">
  <properties>
[...]
</properties>
  <testcase name="testGetChildString" classname="org.apache.hop.metastore.util.MetaStoreUtilTest" time="0.014"/>
  <testcase name="testGetAttributeBoolean" classname="org.apache.hop.metastore.util.MetaStoreUtilTest" time="0.001"/>
  <testcase name="testGetElementNames" classname="org.apache.hop.metastore.util.MetaStoreUtilTest" time="0.002"/>
  <testcase name="testCopyElements_empty" classname="org.apache.hop.metastore.util.MetaStoreUtilTest" time="0.001"/>
  <testcase name="testCopy" classname="org.apache.hop.metastore.util.MetaStoreUtilTest" time="0.007"/>
  <testcase name="testCopy_existingElementType_overwriteFalse" classname="org.apache.hop.metastore.util.MetaStoreUtilTest" time="0.007"/>
  <testcase name="testCopy_existingElementType_overwriteTrue" classname="org.apache.hop.metastore.util.MetaStoreUtilTest" time="0.009"/>
  <testcase name="testCopy_existingElementTypeAndElement_overwriteTrue" classname="org.apache.hop.metastore.util.MetaStoreUtilTest" time="0.008"/>
</testsuite>